<?xml version="1.0" encoding="UTF-8"?>
<testng-results total="1" passed="1" failed="0" skipped="0">
  <reporter-output>
  </reporter-output>
  <suite started-at="2022-10-10T09:57:01Z" name="Surefire suite" finished-at="2022-10-10T09:57:23Z" duration-ms="21701">
    <groups>
    </groups>
    <test started-at="2022-10-10T09:57:01Z" name="Surefire test" finished-at="2022-10-10T09:57:23Z" duration-ms="21701">
      <class name="seleniumdemo.file">
        <test-method signature="test()[pri:0, instance:seleniumdemo.file@7c7b252e]" started-at="2022-10-10T15:27:01Z" name="test" finished-at="2022-10-10T15:27:23Z" duration-ms="21696" status="PASS">
          <reporter-output>
          </reporter-output>
        </test-method> <!-- test -->
      </class> <!-- seleniumdemo.file -->
    </test> <!-- Surefire test -->
  </suite> <!-- Surefire suite -->
</testng-results>
