<?xml version="1.0" encoding="UTF-8"?>
<testng-results total="1" passed="1" failed="0" skipped="0">
  <reporter-output>
  </reporter-output>
  <suite started-at="2022-11-01T13:24:41Z" name="Default suite" finished-at="2022-11-01T13:25:48Z" duration-ms="66381">
    <groups>
    </groups>
    <test started-at="2022-11-01T13:24:41Z" name="Default test" finished-at="2022-11-01T13:25:48Z" duration-ms="66381">
      <class name="seleniumdemo.test1">
        <test-method is-config="true" signature="BT()[pri:0, instance:seleniumdemo.test1@3bd323e9]" started-at="2022-11-01T18:54:41Z" name="BT" finished-at="2022-11-01T18:54:54Z" duration-ms="12673" status="PASS">
          <reporter-output>
          </reporter-output>
        </test-method> <!-- BT -->
        <test-method signature="test()[pri:0, instance:seleniumdemo.test1@3bd323e9]" started-at="2022-11-01T18:54:54Z" name="test" finished-at="2022-11-01T18:55:47Z" duration-ms="53439" status="PASS">
          <reporter-output>
          </reporter-output>
        </test-method> <!-- test -->
        <test-method is-config="true" signature="AT()[pri:0, instance:seleniumdemo.test1@3bd323e9]" started-at="2022-11-01T18:55:47Z" name="AT" finished-at="2022-11-01T18:55:48Z" duration-ms="254" status="PASS">
          <reporter-output>
          </reporter-output>
        </test-method> <!-- AT -->
      </class> <!-- seleniumdemo.test1 -->
    </test> <!-- Default test -->
  </suite> <!-- Default suite -->
</testng-results>
